<?xml version="1.0" encoding="UTF-8"?>
<!-- Generated by org.testng.reporters.JUnitReportReporter -->
<testsuite hostname="DESKTOP-BDETOOS" failures="0" tests="7" name="com.Practice.DataProvider2" time="0.046" errors="0" timestamp="2025-06-03T12:39:47 IST" skipped="0">
  <testcase classname="com.Practice.DataProvider2" name="createContact" time="0.024"/>
  <system-out/>
  <testcase classname="com.Practice.DataProvider2" name="m1" time="0.002"/>
  <system-out/>
  <testcase classname="com.Practice.DataProvider2" name="createContact" time="0.006"/>
  <system-out/>
  <testcase classname="com.Practice.DataProvider2" name="m1" time="0.004"/>
  <system-out/>
  <testcase classname="com.Practice.DataProvider2" name="m1" time="0.003"/>
  <system-out/>
  <testcase classname="com.Practice.DataProvider2" name="m2" time="0.004"/>
  <system-out/>
  <testcase classname="com.Practice.DataProvider2" name="createContact" time="0.003"/>
  <system-out/>
</testsuite> <!-- com.Practice.DataProvider2 -->
