<?xml version="1.0" encoding="UTF-8"?>
<!-- Generated by org.testng.reporters.JUnitReportReporter -->
<testsuite hostname="DESKTOP-BDETOOS" failures="0" tests="1" name="com.CRM.Campaign.CampaignTest" time="26.720" errors="0" timestamp="2025-05-26T13:25:33 IST" skipped="0">
  <testcase classname="com.CRM.Campaign.CampaignTest" name="createCampaign" time="26.720"/>
</testsuite> <!-- com.CRM.Campaign.CampaignTest -->
