<?xml version="1.0" encoding="UTF-8"?>
<!-- Generated by org.testng.reporters.JUnitReportReporter -->
<testsuite hostname="DESKTOP-BDETOOS" failures="0" tests="1" name="com.CRM.OrgnaizationTest.PhoneOrganizationTest" time="25.754" errors="0" timestamp="2025-05-29T14:06:20 IST" skipped="0">
  <testcase classname="com.CRM.OrgnaizationTest.PhoneOrganizationTest" name="createPhoneWithOrgTest" time="25.754"/>
  <system-out/>
</testsuite> <!-- com.CRM.OrgnaizationTest.PhoneOrganizationTest -->
