<?xml version="1.0" encoding="UTF-8"?>
<!-- Generated by org.testng.reporters.JUnitReportReporter -->
<testsuite hostname="DESKTOP-BDETOOS" failures="0" tests="1" name="com.CRM.ProductTest.ProductTest" time="17.562" errors="0" timestamp="2025-05-26T18:16:01 IST" skipped="0">
  <testcase classname="com.CRM.ProductTest.ProductTest" name="productTest" time="17.562"/>
</testsuite> <!-- com.CRM.ProductTest.ProductTest -->
