<?xml version="1.0" encoding="UTF-8"?>
<!-- Generated by org.testng.reporters.JUnitReportReporter -->
<testsuite hostname="DESKTOP-BDETOOS" failures="0" tests="1" name="com.CRM.ModuleTest.ProductModuleTest" time="17.130" errors="0" timestamp="2025-06-13T11:18:52 IST" skipped="0">
  <testcase classname="com.CRM.ModuleTest.ProductModuleTest" name="productTest" time="17.130"/>
  <system-out/>
</testsuite> <!-- com.CRM.ModuleTest.ProductModuleTest -->
