<?xml version="1.0" encoding="UTF-8"?>
<!-- Generated by org.testng.reporters.JUnitReportReporter -->
<testsuite hostname="DESKTOP-BDETOOS" failures="0" tests="1" name="com.CRM.OrgnaizationTest.CampaignTest" time="25.603" errors="0" timestamp="2025-05-26T13:36:16 IST" skipped="0">
  <testcase classname="com.CRM.OrgnaizationTest.CampaignTest" name="createCampaign" time="25.603"/>
</testsuite> <!-- com.CRM.OrgnaizationTest.CampaignTest -->
