<?xml version="1.0" encoding="UTF-8"?>
<!-- Generated by org.testng.reporters.JUnitReportReporter -->
<testsuite hostname="DESKTOP-BDETOOS" failures="0" tests="1" name="com.Practice.SampleExtentReport" time="5.231" errors="0" timestamp="2025-06-05T12:44:36 IST" skipped="0">
  <testcase classname="com.Practice.SampleExtentReport" name="sampleTest" time="5.231"/>
  <system-out/>
</testsuite> <!-- com.Practice.SampleExtentReport -->
