<?xml version="1.0" encoding="UTF-8"?>
<!-- Generated by org.testng.reporters.JUnitReportReporter -->
<testsuite hostname="DESKTOP-BDETOOS" failures="0" tests="1" name="com.CRM.CampaignTest.CampaignTest" time="18.961" errors="0" timestamp="2025-05-26T15:46:57 IST" skipped="0">
  <testcase classname="com.CRM.CampaignTest.CampaignTest" name="createCampaignTest" time="18.961"/>
</testsuite> <!-- com.CRM.CampaignTest.CampaignTest -->
