<?xml version="1.0" encoding="UTF-8"?>
<!-- Generated by org.testng.reporters.JUnitReportReporter -->
<testsuite hostname="DESKTOP-BDETOOS" failures="0" tests="1" name="com.CRM.ContactTest.ContactSupportDateTest" time="23.047" errors="0" timestamp="2025-05-26T16:36:45 IST" skipped="0">
  <testcase classname="com.CRM.ContactTest.ContactSupportDateTest" name="createContactSupportDateTest" time="23.047"/>
</testsuite> <!-- com.CRM.ContactTest.ContactSupportDateTest -->
