<?xml version="1.0" encoding="UTF-8"?>
<!-- Generated by org.testng.reporters.JUnitReportReporter -->
<testsuite hostname="DESKTOP-BDETOOS" failures="0" tests="3" name="com.CRM.OrgModuleTest.OrganizationModuleTest" time="71.043" errors="0" timestamp="2025-05-29T14:18:48 IST" skipped="0">
  <testcase classname="com.CRM.OrgModuleTest.OrganizationModuleTest" name="createIndTypeTest" time="24.787"/>
  <system-out/>
  <testcase classname="com.CRM.OrgModuleTest.OrganizationModuleTest" name="createOrgTest" time="22.047"/>
  <system-out/>
  <testcase classname="com.CRM.OrgModuleTest.OrganizationModuleTest" name="createOrgPhoneTest" time="24.209"/>
  <system-out/>
</testsuite> <!-- com.CRM.OrgModuleTest.OrganizationModuleTest -->
