<?xml version="1.0" encoding="UTF-8"?>
<!-- Generated by org.testng.reporters.JUnitReportReporter -->
<testsuite hostname="DESKTOP-BDETOOS" failures="0" tests="3" name="com.CRM.ModuleTest.ContactModule" time="80.316" errors="0" timestamp="2025-05-29T14:30:42 IST" skipped="0">
  <testcase classname="com.CRM.ModuleTest.ContactModule" name="createContactSupportDateTest" time="25.547"/>
  <system-out/>
  <testcase classname="com.CRM.ModuleTest.ContactModule" name="createContactTest" time="21.672"/>
  <system-out/>
  <testcase classname="com.CRM.ModuleTest.ContactModule" name="createContactWithOrgTest" time="33.097"/>
  <system-out/>
</testsuite> <!-- com.CRM.ModuleTest.ContactModule -->
