<?xml version="1.0" encoding="UTF-8"?>
<!-- Generated by org.testng.reporters.JUnitReportReporter -->
<testsuite hostname="DESKTOP-BDETOOS" failures="0" tests="1" name="com.CRM.OrgnaizationTest.CampaignOrgTest" time="46.302" errors="0" timestamp="2025-05-26T13:22:38 IST" skipped="0">
  <testcase classname="com.CRM.OrgnaizationTest.CampaignOrgTest" name="createCampaignTest" time="46.302"/>
</testsuite> <!-- com.CRM.OrgnaizationTest.CampaignOrgTest -->
