<?xml version="1.0" encoding="UTF-8"?>
<!-- Generated by org.testng.reporters.JUnitReportReporter -->
<testsuite hostname="DESKTOP-BDETOOS" failures="0" tests="1" name="com.CRM.OrgnaizationTest.IndusTypeOrganizeTest" time="25.582" errors="0" timestamp="2025-05-29T14:07:44 IST" skipped="0">
  <testcase classname="com.CRM.OrgnaizationTest.IndusTypeOrganizeTest" name="createIndTypInOrgTest" time="25.582"/>
  <system-out/>
</testsuite> <!-- com.CRM.OrgnaizationTest.IndusTypeOrganizeTest -->
