<?xml version="1.0" encoding="UTF-8"?>
<!-- Generated by org.testng.reporters.JUnitReportReporter -->
<testsuite hostname="DESKTOP-BDETOOS" failures="0" tests="1" name="com.CRM.ModuleTest.OrganizationModuleTest" time="16.425" errors="0" timestamp="2025-06-13T11:06:42 IST" skipped="0">
  <testcase classname="com.CRM.ModuleTest.OrganizationModuleTest" name="createOrgPhoneTest" time="16.425"/>
  <system-out/>
</testsuite> <!-- com.CRM.ModuleTest.OrganizationModuleTest -->
