<?xml version="1.0" encoding="UTF-8"?>
<!-- Generated by org.testng.reporters.JUnitReportReporter -->
<testsuite hostname="DESKTOP-BDETOOS" failures="0" tests="3" name="com.Practice.DataProvid1" time="0.040" errors="0" timestamp="2025-06-03T12:34:36 IST" skipped="0">
  <testcase classname="com.Practice.DataProvid1" name="createContact" time="0.029"/>
  <system-out/>
  <testcase classname="com.Practice.DataProvid1" name="createContact" time="0.003"/>
  <system-out/>
  <testcase classname="com.Practice.DataProvid1" name="createContact" time="0.008"/>
  <system-out/>
</testsuite> <!-- com.Practice.DataProvid1 -->
