<?xml version="1.0" encoding="UTF-8"?>
<!-- Generated by org.testng.reporters.JUnitReportReporter -->
<testsuite hostname="DESKTOP-BDETOOS" failures="0" tests="1" name="com.CRM.ModuleTest.CampaignModuleTest" time="37.892" errors="0" timestamp="2025-06-13T11:28:21 IST" skipped="0">
  <testcase classname="com.CRM.ModuleTest.CampaignModuleTest" name="createCampaignTest" time="37.892"/>
  <system-out/>
</testsuite> <!-- com.CRM.ModuleTest.CampaignModuleTest -->
