<?xml version="1.0" encoding="UTF-8"?>
<!-- Generated by org.testng.reporters.JUnitReportReporter -->
<testsuite hostname="DESKTOP-BDETOOS" failures="0" tests="1" name="com.CRM.Opportunity.OpportunityTest" time="106.631" errors="0" timestamp="2025-05-29T13:59:08 IST" skipped="0">
  <testcase classname="com.CRM.Opportunity.OpportunityTest" name="opportunityTest" time="106.631"/>
  <system-out/>
</testsuite> <!-- com.CRM.Opportunity.OpportunityTest -->
