<?xml version="1.0" encoding="UTF-8"?>
<!-- Generated by org.testng.reporters.JUnitReportReporter -->
<testsuite hostname="DESKTOP-BDETOOS" failures="0" tests="1" name="com.CRM.ContactTest.ContactSupportDate" time="23.362" errors="0" timestamp="2025-05-26T15:17:39 IST" skipped="0">
  <testcase classname="com.CRM.ContactTest.ContactSupportDate" name="createContactSupportDateTest" time="23.362"/>
</testsuite> <!-- com.CRM.ContactTest.ContactSupportDate -->
