<?xml version="1.0" encoding="UTF-8"?>
<!-- Generated by org.testng.reporters.JUnitReportReporter -->
<testsuite hostname="DESKTOP-BDETOOS" failures="0" tests="1" name="com.CRM.Lead.LeadTest" time="19.486" errors="0" timestamp="2025-05-26T15:47:52 IST" skipped="0">
  <testcase classname="com.CRM.Lead.LeadTest" name="createLeadTest" time="19.486"/>
</testsuite> <!-- com.CRM.Lead.LeadTest -->
