<?xml version="1.0" encoding="UTF-8"?>
<!-- Generated by org.testng.reporters.JUnitReportReporter -->
<testsuite hostname="DESKTOP-BDETOOS" failures="0" tests="1" name="com.CRM.ContactTest.ContactWithOrg" time="27.047" errors="0" timestamp="2025-05-26T15:43:55 IST" skipped="0">
  <testcase classname="com.CRM.ContactTest.ContactWithOrg" name="contactTest" time="27.047"/>
</testsuite> <!-- com.CRM.ContactTest.ContactWithOrg -->
