<?xml version="1.0" encoding="UTF-8"?>
<!-- Generated by org.testng.reporters.JUnitReportReporter -->
<testsuite hostname="DESKTOP-BDETOOS" failures="0" tests="1" name="com.Practice.DataProvidTest" time="28.674" errors="0" timestamp="2025-06-03T12:48:13 IST" skipped="0">
  <testcase classname="com.Practice.DataProvidTest" name="productInfoTest" time="28.674"/>
  <system-out/>
</testsuite> <!-- com.Practice.DataProvidTest -->
