<?xml version="1.0" encoding="UTF-8"?>
<!-- Generated by org.testng.reporters.JUnitReportReporter -->
<testsuite hostname="DESKTOP-BDETOOS" failures="0" tests="2" name="com.CRM.generic.DataBaseUtility.Dummy" time="0.038" errors="0" timestamp="2025-05-29T12:05:00 IST" skipped="0">
  <testcase classname="com.CRM.generic.DataBaseUtility.Dummy" name="sampleTest" time="0.017"/>
  <system-out/>
  <testcase classname="com.CRM.generic.DataBaseUtility.Dummy" name="simpleTest" time="0.021"/>
  <system-out/>
</testsuite> <!-- com.CRM.generic.DataBaseUtility.Dummy -->
