<?xml version="1.0" encoding="UTF-8"?>
<!-- Generated by org.testng.reporters.JUnitReportReporter -->
<testsuite hostname="DESKTOP-BDETOOS" failures="0" tests="1" name="demo.DemoTest" time="0.110" errors="0" timestamp="2025-05-26T13:21:37 IST" skipped="0">
  <testcase classname="demo.DemoTest" name="checkUtility" time="0.110"/>
</testsuite> <!-- demo.DemoTest -->
